<?xml version="1.0" encoding="UTF-8"?>
<!-- Generated by org.testng.reporters.JUnitReportReporter -->
<testsuite hostname="Timon" failures="0" tests="1" name="testcase1.logintestng" time="1.914" errors="0" timestamp="08 Jun 2024 09:19:04 GMT" skipped="0">
  <testcase classname="testcase1.logintestng" name="m2" time="1.914"/>
</testsuite> <!-- testcase1.logintestng -->
