<?xml version="1.0" encoding="UTF-8"?>
<!-- Generated by org.testng.reporters.JUnitReportReporter -->
<testsuite hostname="Timon" failures="0" tests="1" name="testcase1.footweartestng" time="4.286" errors="0" timestamp="08 Jun 2024 11:24:44 GMT" skipped="0">
  <testcase classname="testcase1.footweartestng" name="m3" time="4.286"/>
</testsuite> <!-- testcase1.footweartestng -->
