<?xml version="1.0" encoding="UTF-8"?>
<!-- Generated by org.testng.reporters.JUnitReportReporter -->
<testsuite hostname="Timon" failures="0" tests="2" name="testcase2.AllproductsTestNG" time="5.977" errors="0" timestamp="18 Jun 2024 05:26:42 GMT" skipped="0">
  <testcase classname="testcase2.AllproductsTestNG" name="m4" time="1.659"/>
  <testcase classname="testcase2.AllproductsTestNG" name="m3" time="4.318"/>
</testsuite> <!-- testcase2.AllproductsTestNG -->
